# JRE version: OpenJDK Runtime Environment Temurin-21.0.10+7 (21.0.10+7) (build 21.0.10+7-LTS)
# Java VM: OpenJDK 64-Bit Server VM Temurin-21.0.10+7 (21.0.10+7-LTS, mixed mode, sharing, tiered, compressed oops, compressed class ptrs, parallel gc, windows-amd64)
GC Precious Log:
 CardTable entry size: 512
 CPUs: 12 total, 12 available
 Memory: 7518M
 Large Page Support: Disabled
 NUMA Support: Disabled
 Compressed Oops: Enabled (32-bit)
 Alignments: Space 512K, Generation 512K, Heap 2M
 Heap Min Capacity: 100M
 Heap Initial Capacity: 100M
 Heap Max Capacity: 2G
 Pre-touch: Disabled
 Parallel Workers: 10
Heap:
 PSYoungGen      total 18944K, used 14366K [0x00000000d5580000, 0x00000000d6d80000, 0x0000000100000000)
  eden space 16896K, 80% used [0x00000000d5580000,0x00000000d62ba890,0x00000000d6600000)
  from space 2048K, 40% used [0x00000000d6600000,0x00000000d66cd1c0,0x00000000d6800000)
  to   space 1536K, 0% used [0x00000000d6c00000,0x00000000d6c00000,0x00000000d6d80000)
 ParOldGen       total 68608K, used 58045K [0x0000000080000000, 0x0000000084300000, 0x00000000d5580000)
  object space 68608K, 84% used [0x0000000080000000,0x00000000838af588,0x0000000084300000)
 Metaspace       used 51516K, committed 52800K, reserved 1114112K
  class space    used 5644K, committed 6272K, reserved 1048576K
GC Heap History (20 events):
Event: 41.692 GC heap before
{Heap before GC invocations=24 (full 2):
 PSYoungGen      total 24064K, used 24035K [0x00000000d5580000, 0x00000000d8200000, 0x0000000100000000)
  eden space 16896K, 100% used [0x00000000d5580000,0x00000000d6600000,0x00000000d6600000)
  from space 7168K, 99% used [0x00000000d6600000,0x00000000d6cf8e30,0x00000000d6d00000)
  to   space 14336K, 0% used [0x00000000d7400000,0x00000000d7400000,0x00000000d8200000)
 ParOldGen       total 68608K, used 34038K [0x0000000080000000, 0x0000000084300000, 0x00000000d5580000)
  object space 68608K, 49% used [0x0000000080000000,0x000000008213dab0,0x0000000084300000)
 Metaspace       used 42762K, committed 43968K, reserved 1114112K
  class space    used 4562K, committed 5056K, reserved 1048576K
}
Event: 41.697 GC heap after
{Heap after GC invocations=24 (full 2):
 PSYoungGen      total 18944K, used 1749K [0x00000000d5580000, 0x00000000d7600000, 0x0000000100000000)
  eden space 16896K, 0% used [0x00000000d5580000,0x00000000d5580000,0x00000000d6600000)
  from space 2048K, 85% used [0x00000000d7400000,0x00000000d75b54e0,0x00000000d7600000)
  to   space 6144K, 0% used [0x00000000d6a00000,0x00000000d6a00000,0x00000000d7000000)
 ParOldGen       total 68608K, used 41157K [0x0000000080000000, 0x0000000084300000, 0x00000000d5580000)
  object space 68608K, 59% used [0x0000000080000000,0x0000000082831410,0x0000000084300000)
 Metaspace       used 42762K, committed 43968K, reserved 1114112K
  class space    used 4562K, committed 5056K, reserved 1048576K
}
Event: 41.776 GC heap before
{Heap before GC invocations=25 (full 2):
 PSYoungGen      total 18944K, used 18501K [0x00000000d5580000, 0x00000000d7600000, 0x0000000100000000)
  eden space 16896K, 99% used [0x00000000d5580000,0x00000000d65dc290,0x00000000d6600000)
  from space 2048K, 85% used [0x00000000d7400000,0x00000000d75b54e0,0x00000000d7600000)
  to   space 6144K, 0% used [0x00000000d6a00000,0x00000000d6a00000,0x00000000d7000000)
 ParOldGen       total 68608K, used 41157K [0x0000000080000000, 0x0000000084300000, 0x00000000d5580000)
  object space 68608K, 59% used [0x0000000080000000,0x0000000082831410,0x0000000084300000)
 Metaspace       used 43196K, committed 44352K, reserved 1114112K
  class space    used 4612K, committed 5120K, reserved 1048576K
}
Event: 41.779 GC heap after
{Heap after GC invocations=25 (full 2):
 PSYoungGen      total 23040K, used 1264K [0x00000000d5580000, 0x00000000d7480000, 0x0000000100000000)
  eden space 16896K, 0% used [0x00000000d5580000,0x00000000d5580000,0x00000000d6600000)
  from space 6144K, 20% used [0x00000000d6a00000,0x00000000d6b3c010,0x00000000d7000000)
  to   space 2560K, 0% used [0x00000000d7200000,0x00000000d7200000,0x00000000d7480000)
 ParOldGen       total 68608K, used 42731K [0x0000000080000000, 0x0000000084300000, 0x00000000d5580000)
  object space 68608K, 62% used [0x0000000080000000,0x00000000829badc0,0x0000000084300000)
 Metaspace       used 43196K, committed 44352K, reserved 1114112K
  class space    used 4612K, committed 5120K, reserved 1048576K
}
Event: 41.899 GC heap before
{Heap before GC invocations=26 (full 2):
 PSYoungGen      total 23040K, used 18160K [0x00000000d5580000, 0x00000000d7480000, 0x0000000100000000)
  eden space 16896K, 100% used [0x00000000d5580000,0x00000000d6600000,0x00000000d6600000)
  from space 6144K, 20% used [0x00000000d6a00000,0x00000000d6b3c010,0x00000000d7000000)
  to   space 2560K, 0% used [0x00000000d7200000,0x00000000d7200000,0x00000000d7480000)
 ParOldGen       total 68608K, used 42731K [0x0000000080000000, 0x0000000084300000, 0x00000000d5580000)
  object space 68608K, 62% used [0x0000000080000000,0x00000000829badc0,0x0000000084300000)
 Metaspace       used 43586K, committed 44800K, reserved 1114112K
  class space    used 4657K, committed 5120K, reserved 1048576K
}
Event: 41.902 GC heap after
{Heap after GC invocations=26 (full 2):
 PSYoungGen      total 18944K, used 1700K [0x00000000d5580000, 0x00000000d7400000, 0x0000000100000000)
  eden space 16896K, 0% used [0x00000000d5580000,0x00000000d5580000,0x00000000d6600000)
  from space 2048K, 83% used [0x00000000d7200000,0x00000000d73a9000,0x00000000d7400000)
  to   space 2048K, 0% used [0x00000000d7000000,0x00000000d7000000,0x00000000d7200000)
 ParOldGen       total 68608K, used 43791K [0x0000000080000000, 0x0000000084300000, 0x00000000d5580000)
  object space 68608K, 63% used [0x0000000080000000,0x0000000082ac3fd0,0x0000000084300000)
 Metaspace       used 43586K, committed 44800K, reserved 1114112K
  class space    used 4657K, committed 5120K, reserved 1048576K
}
Event: 41.978 GC heap before
{Heap before GC invocations=27 (full 2):
 PSYoungGen      total 18944K, used 18578K [0x00000000d5580000, 0x00000000d7400000, 0x0000000100000000)
  eden space 16896K, 99% used [0x00000000d5580000,0x00000000d65fb998,0x00000000d6600000)
  from space 2048K, 83% used [0x00000000d7200000,0x00000000d73a9000,0x00000000d7400000)
  to   space 2048K, 0% used [0x00000000d7000000,0x00000000d7000000,0x00000000d7200000)
 ParOldGen       total 68608K, used 43791K [0x0000000080000000, 0x0000000084300000, 0x00000000d5580000)
  object space 68608K, 63% used [0x0000000080000000,0x0000000082ac3fd0,0x0000000084300000)
 Metaspace       used 43839K, committed 45056K, reserved 1114112K
  class space    used 4695K, committed 5184K, reserved 1048576K
}
Event: 41.981 GC heap after
{Heap after GC invocations=27 (full 2):
 PSYoungGen      total 18944K, used 1728K [0x00000000d5580000, 0x00000000d7280000, 0x0000000100000000)
  eden space 16896K, 0% used [0x00000000d5580000,0x00000000d5580000,0x00000000d6600000)
  from space 2048K, 84% used [0x00000000d7000000,0x00000000d71b0010,0x00000000d7200000)
  to   space 512K, 0% used [0x00000000d7200000,0x00000000d7200000,0x00000000d7280000)
 ParOldGen       total 68608K, used 45320K [0x0000000080000000, 0x0000000084300000, 0x00000000d5580000)
  object space 68608K, 66% used [0x0000000080000000,0x0000000082c420d0,0x0000000084300000)
 Metaspace       used 43839K, committed 45056K, reserved 1114112K
  class space    used 4695K, committed 5184K, reserved 1048576K
}
Event: 42.071 GC heap before
{Heap before GC invocations=28 (full 2):
 PSYoungGen      total 18944K, used 18624K [0x00000000d5580000, 0x00000000d7280000, 0x0000000100000000)
  eden space 16896K, 100% used [0x00000000d5580000,0x00000000d6600000,0x00000000d6600000)
  from space 2048K, 84% used [0x00000000d7000000,0x00000000d71b0010,0x00000000d7200000)
  to   space 512K, 0% used [0x00000000d7200000,0x00000000d7200000,0x00000000d7280000)
 ParOldGen       total 68608K, used 45320K [0x0000000080000000, 0x0000000084300000, 0x00000000d5580000)
  object space 68608K, 66% used [0x0000000080000000,0x0000000082c420d0,0x0000000084300000)
 Metaspace       used 44088K, committed 45312K, reserved 1114112K
  class space    used 4725K, committed 5248K, reserved 1048576K
}
Event: 42.075 GC heap after
{Heap after GC invocations=28 (full 2):
 PSYoungGen      total 17408K, used 512K [0x00000000d5580000, 0x00000000d7280000, 0x0000000100000000)
  eden space 16896K, 0% used [0x00000000d5580000,0x00000000d5580000,0x00000000d6600000)
  from space 512K, 100% used [0x00000000d7200000,0x00000000d7280000,0x00000000d7280000)
  to   space 3072K, 0% used [0x00000000d6c80000,0x00000000d6c80000,0x00000000d6f80000)
 ParOldGen       total 68608K, used 47624K [0x0000000080000000, 0x0000000084300000, 0x00000000d5580000)
  object space 68608K, 69% used [0x0000000080000000,0x0000000082e820e0,0x0000000084300000)
 Metaspace       used 44088K, committed 45312K, reserved 1114112K
  class space    used 4725K, committed 5248K, reserved 1048576K
}
Event: 42.151 GC heap before
{Heap before GC invocations=29 (full 2):
 PSYoungGen      total 17408K, used 17408K [0x00000000d5580000, 0x00000000d7280000, 0x0000000100000000)
  eden space 16896K, 100% used [0x00000000d5580000,0x00000000d6600000,0x00000000d6600000)
  from space 512K, 100% used [0x00000000d7200000,0x00000000d7280000,0x00000000d7280000)
  to   space 3072K, 0% used [0x00000000d6c80000,0x00000000d6c80000,0x00000000d6f80000)
 ParOldGen       total 68608K, used 47624K [0x0000000080000000, 0x0000000084300000, 0x00000000d5580000)
  object space 68608K, 69% used [0x0000000080000000,0x0000000082e820e0,0x0000000084300000)
 Metaspace       used 44383K, committed 45568K, reserved 1114112K
  class space    used 4763K, committed 5248K, reserved 1048576K
}
Event: 42.154 GC heap after
{Heap after GC invocations=29 (full 2):
 PSYoungGen      total 19968K, used 1496K [0x00000000d5580000, 0x00000000d7280000, 0x0000000100000000)
  eden space 16896K, 0% used [0x00000000d5580000,0x00000000d5580000,0x00000000d6600000)
  from space 3072K, 48% used [0x00000000d6c80000,0x00000000d6df6200,0x00000000d6f80000)
  to   space 2048K, 0% used [0x00000000d7080000,0x00000000d7080000,0x00000000d7280000)
 ParOldGen       total 68608K, used 48167K [0x0000000080000000, 0x0000000084300000, 0x00000000d5580000)
  object space 68608K, 70% used [0x0000000080000000,0x0000000082f09de0,0x0000000084300000)
 Metaspace       used 44383K, committed 45568K, reserved 1114112K
  class space    used 4763K, committed 5248K, reserved 1048576K
}
Event: 42.361 GC heap before
{Heap before GC invocations=30 (full 2):
 PSYoungGen      total 19968K, used 18392K [0x00000000d5580000, 0x00000000d7280000, 0x0000000100000000)
  eden space 16896K, 100% used [0x00000000d5580000,0x00000000d6600000,0x00000000d6600000)
  from space 3072K, 48% used [0x00000000d6c80000,0x00000000d6df6200,0x00000000d6f80000)
  to   space 2048K, 0% used [0x00000000d7080000,0x00000000d7080000,0x00000000d7280000)
 ParOldGen       total 68608K, used 48167K [0x0000000080000000, 0x0000000084300000, 0x00000000d5580000)
  object space 68608K, 70% used [0x0000000080000000,0x0000000082f09de0,0x0000000084300000)
 Metaspace       used 45232K, committed 46400K, reserved 1114112K
  class space    used 4859K, committed 5376K, reserved 1048576K
}
Event: 42.367 GC heap after
{Heap after GC invocations=30 (full 2):
 PSYoungGen      total 18944K, used 2016K [0x00000000d5580000, 0x00000000d7700000, 0x0000000100000000)
  eden space 16896K, 0% used [0x00000000d5580000,0x00000000d5580000,0x00000000d6600000)
  from space 2048K, 98% used [0x00000000d7080000,0x00000000d7278010,0x00000000d7280000)
  to   space 8704K, 0% used [0x00000000d6600000,0x00000000d6600000,0x00000000d6e80000)
 ParOldGen       total 68608K, used 53435K [0x0000000080000000, 0x0000000084300000, 0x00000000d5580000)
  object space 68608K, 77% used [0x0000000080000000,0x000000008342ef08,0x0000000084300000)
 Metaspace       used 45232K, committed 46400K, reserved 1114112K
  class space    used 4859K, committed 5376K, reserved 1048576K
}
Event: 42.917 GC heap before
{Heap before GC invocations=31 (full 2):
 PSYoungGen      total 18944K, used 18912K [0x00000000d5580000, 0x00000000d7700000, 0x0000000100000000)
  eden space 16896K, 100% used [0x00000000d5580000,0x00000000d6600000,0x00000000d6600000)
  from space 2048K, 98% used [0x00000000d7080000,0x00000000d7278010,0x00000000d7280000)
  to   space 8704K, 0% used [0x00000000d6600000,0x00000000d6600000,0x00000000d6e80000)
 ParOldGen       total 68608K, used 53435K [0x0000000080000000, 0x0000000084300000, 0x00000000d5580000)
  object space 68608K, 77% used [0x0000000080000000,0x000000008342ef08,0x0000000084300000)
 Metaspace       used 46910K, committed 48256K, reserved 1114112K
  class space    used 5079K, committed 5696K, reserved 1048576K
}
Event: 42.921 GC heap after
{Heap after GC invocations=31 (full 2):
 PSYoungGen      total 18944K, used 1635K [0x00000000d5580000, 0x00000000d7100000, 0x0000000100000000)
  eden space 16896K, 0% used [0x00000000d5580000,0x00000000d5580000,0x00000000d6600000)
  from space 2048K, 79% used [0x00000000d6600000,0x00000000d6798f08,0x00000000d6800000)
  to   space 4096K, 0% used [0x00000000d6d00000,0x00000000d6d00000,0x00000000d7100000)
 ParOldGen       total 68608K, used 55463K [0x0000000080000000, 0x0000000084300000, 0x00000000d5580000)
  object space 68608K, 80% used [0x0000000080000000,0x0000000083629f28,0x0000000084300000)
 Metaspace       used 46910K, committed 48256K, reserved 1114112K
  class space    used 5079K, committed 5696K, reserved 1048576K
}
Event: 43.323 GC heap before
{Heap before GC invocations=32 (full 2):
 PSYoungGen      total 18944K, used 18457K [0x00000000d5580000, 0x00000000d7100000, 0x0000000100000000)
  eden space 16896K, 99% used [0x00000000d5580000,0x00000000d65ed5e0,0x00000000d6600000)
  from space 2048K, 79% used [0x00000000d6600000,0x00000000d6798f08,0x00000000d6800000)
  to   space 4096K, 0% used [0x00000000d6d00000,0x00000000d6d00000,0x00000000d7100000)
 ParOldGen       total 68608K, used 55463K [0x0000000080000000, 0x0000000084300000, 0x00000000d5580000)
  object space 68608K, 80% used [0x0000000080000000,0x0000000083629f28,0x0000000084300000)
 Metaspace       used 48626K, committed 49920K, reserved 1114112K
  class space    used 5295K, committed 5888K, reserved 1048576K
}
Event: 43.326 GC heap after
{Heap after GC invocations=32 (full 2):
 PSYoungGen      total 18944K, used 1574K [0x00000000d5580000, 0x00000000d6f00000, 0x0000000100000000)
  eden space 16896K, 0% used [0x00000000d5580000,0x00000000d5580000,0x00000000d6600000)
  from space 2048K, 76% used [0x00000000d6d00000,0x00000000d6e89a50,0x00000000d6f00000)
  to   space 2048K, 0% used [0x00000000d6600000,0x00000000d6600000,0x00000000d6800000)
 ParOldGen       total 68608K, used 56852K [0x0000000080000000, 0x0000000084300000, 0x00000000d5580000)
  object space 68608K, 82% used [0x0000000080000000,0x00000000837851d8,0x0000000084300000)
 Metaspace       used 48626K, committed 49920K, reserved 1114112K
  class space    used 5295K, committed 5888K, reserved 1048576K
}
Event: 43.873 GC heap before
{Heap before GC invocations=33 (full 2):
 PSYoungGen      total 18944K, used 18470K [0x00000000d5580000, 0x00000000d6f00000, 0x0000000100000000)
  eden space 16896K, 100% used [0x00000000d5580000,0x00000000d6600000,0x00000000d6600000)
  from space 2048K, 76% used [0x00000000d6d00000,0x00000000d6e89a50,0x00000000d6f00000)
  to   space 2048K, 0% used [0x00000000d6600000,0x00000000d6600000,0x00000000d6800000)
 ParOldGen       total 68608K, used 56852K [0x0000000080000000, 0x0000000084300000, 0x00000000d5580000)
  object space 68608K, 82% used [0x0000000080000000,0x00000000837851d8,0x0000000084300000)
 Metaspace       used 50832K, committed 52160K, reserved 1114112K
  class space    used 5528K, committed 6144K, reserved 1048576K
}
Event: 43.876 GC heap after
{Heap after GC invocations=33 (full 2):
 PSYoungGen      total 18944K, used 820K [0x00000000d5580000, 0x00000000d6d80000, 0x0000000100000000)
  eden space 16896K, 0% used [0x00000000d5580000,0x00000000d5580000,0x00000000d6600000)
  from space 2048K, 40% used [0x00000000d6600000,0x00000000d66cd1c0,0x00000000d6800000)
  to   space 1536K, 0% used [0x00000000d6c00000,0x00000000d6c00000,0x00000000d6d80000)
 ParOldGen       total 68608K, used 58045K [0x0000000080000000, 0x0000000084300000, 0x00000000d5580000)
  object space 68608K, 84% used [0x0000000080000000,0x00000000838af588,0x0000000084300000)
 Metaspace       used 50832K, committed 52160K, reserved 1114112K
  class space    used 5528K, committed 6144K, reserved 1048576K
}

