# JRE version: OpenJDK Runtime Environment Temurin-21.0.10+7 (21.0.10+7) (build 21.0.10+7-LTS)
# Java VM: OpenJDK 64-Bit Server VM Temurin-21.0.10+7 (21.0.10+7-LTS, mixed mode, sharing, tiered, compressed oops, compressed class ptrs, parallel gc, windows-amd64)
GC Precious Log:
 CardTable entry size: 512
 CPUs: 12 total, 12 available
 Memory: 7518M
 Large Page Support: Disabled
 NUMA Support: Disabled
 Compressed Oops: Enabled (32-bit)
 Alignments: Space 512K, Generation 512K, Heap 2M
 Heap Min Capacity: 100M
 Heap Initial Capacity: 100M
 Heap Max Capacity: 2G
 Pre-touch: Disabled
 Parallel Workers: 10
Heap:
 PSYoungGen      total 13312K, used 6945K [0x00000000d5580000, 0x00000000d6700000, 0x0000000100000000)
  eden space 11776K, 46% used [0x00000000d5580000,0x00000000d5ad0130,0x00000000d6100000)
  from space 1536K, 98% used [0x00000000d6280000,0x00000000d63f8690,0x00000000d6400000)
  to   space 3072K, 0% used [0x00000000d6400000,0x00000000d6400000,0x00000000d6700000)
 ParOldGen       total 145408K, used 144981K [0x0000000080000000, 0x0000000088e00000, 0x00000000d5580000)
  object space 145408K, 99% used [0x0000000080000000,0x0000000088d95638,0x0000000088e00000)
 Metaspace       used 75159K, committed 76800K, reserved 1179648K
  class space    used 7817K, committed 8576K, reserved 1048576K
GC Heap History (20 events):
Event: 2621.420 GC heap before
{Heap before GC invocations=113 (full 3):
 PSYoungGen      total 16896K, used 15436K [0x00000000d5580000, 0x00000000d6a80000, 0x0000000100000000)
  eden space 14336K, 96% used [0x00000000d5580000,0x00000000d6300b28,0x00000000d6380000)
  from space 2560K, 62% used [0x00000000d6600000,0x00000000d6792760,0x00000000d6880000)
  to   space 2048K, 0% used [0x00000000d6880000,0x00000000d6880000,0x00000000d6a80000)
 ParOldGen       total 128000K, used 127756K [0x0000000080000000, 0x0000000087d00000, 0x00000000d5580000)
  object space 128000K, 99% used [0x0000000080000000,0x0000000087cc32f0,0x0000000087d00000)
 Metaspace       used 74968K, committed 76608K, reserved 1179648K
  class space    used 7804K, committed 8576K, reserved 1048576K
}
Event: 2621.425 GC heap after
{Heap after GC invocations=113 (full 3):
 PSYoungGen      total 16384K, used 1672K [0x00000000d5580000, 0x00000000d6a80000, 0x0000000100000000)
  eden space 14336K, 0% used [0x00000000d5580000,0x00000000d5580000,0x00000000d6380000)
  from space 2048K, 81% used [0x00000000d6880000,0x00000000d6a221d0,0x00000000d6a80000)
  to   space 2048K, 0% used [0x00000000d6680000,0x00000000d6680000,0x00000000d6880000)
 ParOldGen       total 129536K, used 129193K [0x0000000080000000, 0x0000000087e80000, 0x00000000d5580000)
  object space 129536K, 99% used [0x0000000080000000,0x0000000087e2a570,0x0000000087e80000)
 Metaspace       used 74968K, committed 76608K, reserved 1179648K
  class space    used 7804K, committed 8576K, reserved 1048576K
}
Event: 2621.555 GC heap before
{Heap before GC invocations=114 (full 3):
 PSYoungGen      total 16384K, used 16008K [0x00000000d5580000, 0x00000000d6a80000, 0x0000000100000000)
  eden space 14336K, 100% used [0x00000000d5580000,0x00000000d6380000,0x00000000d6380000)
  from space 2048K, 81% used [0x00000000d6880000,0x00000000d6a221d0,0x00000000d6a80000)
  to   space 2048K, 0% used [0x00000000d6680000,0x00000000d6680000,0x00000000d6880000)
 ParOldGen       total 129536K, used 129193K [0x0000000080000000, 0x0000000087e80000, 0x00000000d5580000)
  object space 129536K, 99% used [0x0000000080000000,0x0000000087e2a570,0x0000000087e80000)
 Metaspace       used 75015K, committed 76672K, reserved 1179648K
  class space    used 7809K, committed 8576K, reserved 1048576K
}
Event: 2621.557 GC heap after
{Heap after GC invocations=114 (full 3):
 PSYoungGen      total 15360K, used 981K [0x00000000d5580000, 0x00000000d6900000, 0x0000000100000000)
  eden space 14336K, 0% used [0x00000000d5580000,0x00000000d5580000,0x00000000d6380000)
  from space 1024K, 95% used [0x00000000d6680000,0x00000000d67757f8,0x00000000d6780000)
  to   space 1536K, 0% used [0x00000000d6780000,0x00000000d6780000,0x00000000d6900000)
 ParOldGen       total 131072K, used 130773K [0x0000000080000000, 0x0000000088000000, 0x00000000d5580000)
  object space 131072K, 99% used [0x0000000080000000,0x0000000087fb5620,0x0000000088000000)
 Metaspace       used 75015K, committed 76672K, reserved 1179648K
  class space    used 7809K, committed 8576K, reserved 1048576K
}
Event: 2621.641 GC heap before
{Heap before GC invocations=115 (full 3):
 PSYoungGen      total 15360K, used 15267K [0x00000000d5580000, 0x00000000d6900000, 0x0000000100000000)
  eden space 14336K, 99% used [0x00000000d5580000,0x00000000d63737b8,0x00000000d6380000)
  from space 1024K, 95% used [0x00000000d6680000,0x00000000d67757f8,0x00000000d6780000)
  to   space 1536K, 0% used [0x00000000d6780000,0x00000000d6780000,0x00000000d6900000)
 ParOldGen       total 131072K, used 130899K [0x0000000080000000, 0x0000000088000000, 0x00000000d5580000)
  object space 131072K, 99% used [0x0000000080000000,0x0000000087fd4c28,0x0000000088000000)
 Metaspace       used 75063K, committed 76672K, reserved 1179648K
  class space    used 7816K, committed 8576K, reserved 1048576K
}
Event: 2621.644 GC heap after
{Heap after GC invocations=115 (full 3):
 PSYoungGen      total 15872K, used 1373K [0x00000000d5580000, 0x00000000d6900000, 0x0000000100000000)
  eden space 14336K, 0% used [0x00000000d5580000,0x00000000d5580000,0x00000000d6380000)
  from space 1536K, 89% used [0x00000000d6780000,0x00000000d68d7698,0x00000000d6900000)
  to   space 1536K, 0% used [0x00000000d6600000,0x00000000d6600000,0x00000000d6780000)
 ParOldGen       total 132096K, used 131808K [0x0000000080000000, 0x0000000088100000, 0x00000000d5580000)
  object space 132096K, 99% used [0x0000000080000000,0x00000000880b8218,0x0000000088100000)
 Metaspace       used 75063K, committed 76672K, reserved 1179648K
  class space    used 7816K, committed 8576K, reserved 1048576K
}
Event: 2621.709 GC heap before
{Heap before GC invocations=116 (full 3):
 PSYoungGen      total 15872K, used 15709K [0x00000000d5580000, 0x00000000d6900000, 0x0000000100000000)
  eden space 14336K, 100% used [0x00000000d5580000,0x00000000d6380000,0x00000000d6380000)
  from space 1536K, 89% used [0x00000000d6780000,0x00000000d68d7698,0x00000000d6900000)
  to   space 1536K, 0% used [0x00000000d6600000,0x00000000d6600000,0x00000000d6780000)
 ParOldGen       total 132096K, used 131811K [0x0000000080000000, 0x0000000088100000, 0x00000000d5580000)
  object space 132096K, 99% used [0x0000000080000000,0x00000000880b8fa0,0x0000000088100000)
 Metaspace       used 75081K, committed 76736K, reserved 1179648K
  class space    used 7816K, committed 8576K, reserved 1048576K
}
Event: 2621.713 GC heap after
{Heap after GC invocations=116 (full 3):
 PSYoungGen      total 15872K, used 1527K [0x00000000d5580000, 0x00000000d6d80000, 0x0000000100000000)
  eden space 14336K, 0% used [0x00000000d5580000,0x00000000d5580000,0x00000000d6380000)
  from space 1536K, 99% used [0x00000000d6600000,0x00000000d677dcb0,0x00000000d6780000)
  to   space 5120K, 0% used [0x00000000d6880000,0x00000000d6880000,0x00000000d6d80000)
 ParOldGen       total 134656K, used 134579K [0x0000000080000000, 0x0000000088380000, 0x00000000d5580000)
  object space 134656K, 99% used [0x0000000080000000,0x000000008836cec0,0x0000000088380000)
 Metaspace       used 75081K, committed 76736K, reserved 1179648K
  class space    used 7816K, committed 8576K, reserved 1048576K
}
Event: 2621.745 GC heap before
{Heap before GC invocations=117 (full 3):
 PSYoungGen      total 15872K, used 15863K [0x00000000d5580000, 0x00000000d6d80000, 0x0000000100000000)
  eden space 14336K, 100% used [0x00000000d5580000,0x00000000d6380000,0x00000000d6380000)
  from space 1536K, 99% used [0x00000000d6600000,0x00000000d677dcb0,0x00000000d6780000)
  to   space 5120K, 0% used [0x00000000d6880000,0x00000000d6880000,0x00000000d6d80000)
 ParOldGen       total 134656K, used 134579K [0x0000000080000000, 0x0000000088380000, 0x00000000d5580000)
  object space 134656K, 99% used [0x0000000080000000,0x000000008836cec0,0x0000000088380000)
 Metaspace       used 75091K, committed 76736K, reserved 1179648K
  class space    used 7816K, committed 8576K, reserved 1048576K
}
Event: 2621.751 GC heap after
{Heap after GC invocations=117 (full 3):
 PSYoungGen      total 16896K, used 5114K [0x00000000d5580000, 0x00000000d7280000, 0x0000000100000000)
  eden space 11776K, 0% used [0x00000000d5580000,0x00000000d5580000,0x00000000d6100000)
  from space 5120K, 99% used [0x00000000d6880000,0x00000000d6d7ea18,0x00000000d6d80000)
  to   space 7680K, 0% used [0x00000000d6100000,0x00000000d6100000,0x00000000d6880000)
 ParOldGen       total 136704K, used 136364K [0x0000000080000000, 0x0000000088580000, 0x00000000d5580000)
  object space 136704K, 99% used [0x0000000080000000,0x000000008852b158,0x0000000088580000)
 Metaspace       used 75091K, committed 76736K, reserved 1179648K
  class space    used 7816K, committed 8576K, reserved 1048576K
}
Event: 2621.770 GC heap before
{Heap before GC invocations=118 (full 3):
 PSYoungGen      total 16896K, used 16890K [0x00000000d5580000, 0x00000000d7280000, 0x0000000100000000)
  eden space 11776K, 100% used [0x00000000d5580000,0x00000000d6100000,0x00000000d6100000)
  from space 5120K, 99% used [0x00000000d6880000,0x00000000d6d7ea18,0x00000000d6d80000)
  to   space 7680K, 0% used [0x00000000d6100000,0x00000000d6100000,0x00000000d6880000)
 ParOldGen       total 136704K, used 136364K [0x0000000080000000, 0x0000000088580000, 0x00000000d5580000)
  object space 136704K, 99% used [0x0000000080000000,0x000000008852b158,0x0000000088580000)
 Metaspace       used 75099K, committed 76736K, reserved 1179648K
  class space    used 7816K, committed 8576K, reserved 1048576K
}
Event: 2621.775 GC heap after
{Heap after GC invocations=118 (full 3):
 PSYoungGen      total 14336K, used 2249K [0x00000000d5580000, 0x00000000d6900000, 0x0000000100000000)
  eden space 11776K, 0% used [0x00000000d5580000,0x00000000d5580000,0x00000000d6100000)
  from space 2560K, 87% used [0x00000000d6100000,0x00000000d6332788,0x00000000d6380000)
  to   space 4096K, 0% used [0x00000000d6500000,0x00000000d6500000,0x00000000d6900000)
 ParOldGen       total 140288K, used 140039K [0x0000000080000000, 0x0000000088900000, 0x00000000d5580000)
  object space 140288K, 99% used [0x0000000080000000,0x00000000888c1e38,0x0000000088900000)
 Metaspace       used 75099K, committed 76736K, reserved 1179648K
  class space    used 7816K, committed 8576K, reserved 1048576K
}
Event: 2621.801 GC heap before
{Heap before GC invocations=119 (full 3):
 PSYoungGen      total 14336K, used 14001K [0x00000000d5580000, 0x00000000d6900000, 0x0000000100000000)
  eden space 11776K, 99% used [0x00000000d5580000,0x00000000d60fa030,0x00000000d6100000)
  from space 2560K, 87% used [0x00000000d6100000,0x00000000d6332788,0x00000000d6380000)
  to   space 4096K, 0% used [0x00000000d6500000,0x00000000d6500000,0x00000000d6900000)
 ParOldGen       total 140288K, used 140039K [0x0000000080000000, 0x0000000088900000, 0x00000000d5580000)
  object space 140288K, 99% used [0x0000000080000000,0x00000000888c1e38,0x0000000088900000)
 Metaspace       used 75099K, committed 76736K, reserved 1179648K
  class space    used 7816K, committed 8576K, reserved 1048576K
}
Event: 2621.804 GC heap after
{Heap after GC invocations=119 (full 3):
 PSYoungGen      total 13312K, used 1366K [0x00000000d5580000, 0x00000000d6680000, 0x0000000100000000)
  eden space 11776K, 0% used [0x00000000d5580000,0x00000000d5580000,0x00000000d6100000)
  from space 1536K, 88% used [0x00000000d6500000,0x00000000d66559b0,0x00000000d6680000)
  to   space 2048K, 0% used [0x00000000d6280000,0x00000000d6280000,0x00000000d6480000)
 ParOldGen       total 142336K, used 142181K [0x0000000080000000, 0x0000000088b00000, 0x00000000d5580000)
  object space 142336K, 99% used [0x0000000080000000,0x0000000088ad94b0,0x0000000088b00000)
 Metaspace       used 75099K, committed 76736K, reserved 1179648K
  class space    used 7816K, committed 8576K, reserved 1048576K
}
Event: 2621.850 GC heap before
{Heap before GC invocations=120 (full 3):
 PSYoungGen      total 13312K, used 13142K [0x00000000d5580000, 0x00000000d6680000, 0x0000000100000000)
  eden space 11776K, 100% used [0x00000000d5580000,0x00000000d6100000,0x00000000d6100000)
  from space 1536K, 88% used [0x00000000d6500000,0x00000000d66559b0,0x00000000d6680000)
  to   space 2048K, 0% used [0x00000000d6280000,0x00000000d6280000,0x00000000d6480000)
 ParOldGen       total 142336K, used 142181K [0x0000000080000000, 0x0000000088b00000, 0x00000000d5580000)
  object space 142336K, 99% used [0x0000000080000000,0x0000000088ad94b0,0x0000000088b00000)
 Metaspace       used 75111K, committed 76736K, reserved 1179648K
  class space    used 7816K, committed 8576K, reserved 1048576K
}
Event: 2621.852 GC heap after
{Heap after GC invocations=120 (full 3):
 PSYoungGen      total 13312K, used 1076K [0x00000000d5580000, 0x00000000d6580000, 0x0000000100000000)
  eden space 11776K, 0% used [0x00000000d5580000,0x00000000d5580000,0x00000000d6100000)
  from space 1536K, 70% used [0x00000000d6280000,0x00000000d638d200,0x00000000d6400000)
  to   space 1536K, 0% used [0x00000000d6400000,0x00000000d6400000,0x00000000d6580000)
 ParOldGen       total 143360K, used 143315K [0x0000000080000000, 0x0000000088c00000, 0x00000000d5580000)
  object space 143360K, 99% used [0x0000000080000000,0x0000000088bf4cd8,0x0000000088c00000)
 Metaspace       used 75111K, committed 76736K, reserved 1179648K
  class space    used 7816K, committed 8576K, reserved 1048576K
}
Event: 2621.910 GC heap before
{Heap before GC invocations=121 (full 3):
 PSYoungGen      total 13312K, used 12852K [0x00000000d5580000, 0x00000000d6580000, 0x0000000100000000)
  eden space 11776K, 100% used [0x00000000d5580000,0x00000000d6100000,0x00000000d6100000)
  from space 1536K, 70% used [0x00000000d6280000,0x00000000d638d200,0x00000000d6400000)
  to   space 1536K, 0% used [0x00000000d6400000,0x00000000d6400000,0x00000000d6580000)
 ParOldGen       total 143360K, used 143315K [0x0000000080000000, 0x0000000088c00000, 0x00000000d5580000)
  object space 143360K, 99% used [0x0000000080000000,0x0000000088bf4cd8,0x0000000088c00000)
 Metaspace       used 75119K, committed 76736K, reserved 1179648K
  class space    used 7816K, committed 8576K, reserved 1048576K
}
Event: 2621.912 GC heap after
{Heap after GC invocations=121 (full 3):
 PSYoungGen      total 13312K, used 1144K [0x00000000d5580000, 0x00000000d6580000, 0x0000000100000000)
  eden space 11776K, 0% used [0x00000000d5580000,0x00000000d5580000,0x00000000d6100000)
  from space 1536K, 74% used [0x00000000d6400000,0x00000000d651e208,0x00000000d6580000)
  to   space 1536K, 0% used [0x00000000d6280000,0x00000000d6280000,0x00000000d6400000)
 ParOldGen       total 144384K, used 144082K [0x0000000080000000, 0x0000000088d00000, 0x00000000d5580000)
  object space 144384K, 99% used [0x0000000080000000,0x0000000088cb48e0,0x0000000088d00000)
 Metaspace       used 75119K, committed 76736K, reserved 1179648K
  class space    used 7816K, committed 8576K, reserved 1048576K
}
Event: 2621.996 GC heap before
{Heap before GC invocations=122 (full 3):
 PSYoungGen      total 13312K, used 12920K [0x00000000d5580000, 0x00000000d6580000, 0x0000000100000000)
  eden space 11776K, 100% used [0x00000000d5580000,0x00000000d6100000,0x00000000d6100000)
  from space 1536K, 74% used [0x00000000d6400000,0x00000000d651e208,0x00000000d6580000)
  to   space 1536K, 0% used [0x00000000d6280000,0x00000000d6280000,0x00000000d6400000)
 ParOldGen       total 144384K, used 144082K [0x0000000080000000, 0x0000000088d00000, 0x00000000d5580000)
  object space 144384K, 99% used [0x0000000080000000,0x0000000088cb48e0,0x0000000088d00000)
 Metaspace       used 75149K, committed 76800K, reserved 1179648K
  class space    used 7817K, committed 8576K, reserved 1048576K
}
Event: 2621.999 GC heap after
{Heap after GC invocations=122 (full 3):
 PSYoungGen      total 13312K, used 1505K [0x00000000d5580000, 0x00000000d6700000, 0x0000000100000000)
  eden space 11776K, 0% used [0x00000000d5580000,0x00000000d5580000,0x00000000d6100000)
  from space 1536K, 98% used [0x00000000d6280000,0x00000000d63f8690,0x00000000d6400000)
  to   space 3072K, 0% used [0x00000000d6400000,0x00000000d6400000,0x00000000d6700000)
 ParOldGen       total 145408K, used 144981K [0x0000000080000000, 0x0000000088e00000, 0x00000000d5580000)
  object space 145408K, 99% used [0x0000000080000000,0x0000000088d95638,0x0000000088e00000)
 Metaspace       used 75149K, committed 76800K, reserved 1179648K
  class space    used 7817K, committed 8576K, reserved 1048576K
}

